f2csample/f2c/build/app/intermediates/manifest_merge_blame_file/debug/manifest-merger-blame-debug-report.txt
1<?xml version="1.0" encoding="utf-8"?>
2<manifest xmlns:android="http://schemas.android.com/apk/res/android"
3    package="com.example.f2c"
4    android:versionCode="1"
5    android:versionName="1.0.0" >
6
7    <uses-sdk
8        android:minSdkVersion="21"
9        android:targetSdkVersion="34" />
10    <!--
11         The INTERNET permission is required for development. Specifically,
12         the Flutter tool needs it to communicate with the running application
13         to allow setting breakpoints, to provide hot reload, etc.
14    -->
15    <uses-permission android:name="android.permission.INTERNET" />
15-->src\debug\AndroidManifest.xml:6:5-66
15-->src\debug\AndroidManifest.xml:6:22-64
16    <!--
17     Required to query activities that can process text, see:
18         https://developer.android.com/training/package-visibility and
19         https://developer.android.com/reference/android/content/Intent#ACTION_PROCESS_TEXT.
20
21         In particular, this is used by the Flutter engine in io.flutter.plugin.text.ProcessTextPlugin.
22    -->
23    <queries>
23-->src\main\AndroidManifest.xml:39:5-44:15
24        <intent>
24-->src\main\AndroidManifest.xml:40:9-43:18
25            <action android:name="android.intent.action.PROCESS_TEXT" />
25-->src\main\AndroidManifest.xml:41:13-72
25-->src\main\AndroidManifest.xml:41:21-70
26
27            <data android:mimeType="text/plain" />
27-->src\main\AndroidManifest.xml:42:13-50
27-->src\main\AndroidManifest.xml:42:19-48
28        </intent>
29    </queries>
30
31    <uses-permission android:name="android.permission.ACCESS_NETWORK_STATE" />
31-->[com.google.firebase:firebase-auth:22.3.0] AndroidManifest.xml:26:5-79
31-->[com.google.firebase:firebase-auth:22.3.0] AndroidManifest.xml:26:22-76
32
33    <permission
33-->[androidx.core:core:1.13.1] AndroidManifest.xml:22:5-24:47
34        android:name="com.example.f2c.DYNAMIC_RECEIVER_NOT_EXPORTED_PERMISSION"
34-->[androidx.core:core:1.13.1] AndroidManifest.xml:23:9-81
35        android:protectionLevel="signature" />
35-->[androidx.core:core:1.13.1] AndroidManifest.xml:24:9-44
36
37    <uses-permission android:name="com.example.f2c.DYNAMIC_RECEIVER_NOT_EXPORTED_PERMISSION" />
37-->[androidx.core:core:1.13.1] AndroidManifest.xml:26:5-97
37-->[androidx.core:core:1.13.1] AndroidManifest.xml:26:22-94
38
39    <application
40        android:name="android.app.Application"
41        android:appComponentFactory="androidx.core.app.CoreComponentFactory"
41-->[androidx.core:core:1.13.1] AndroidManifest.xml:28:18-86
42        android:debuggable="true"
43        android:icon="@mipmap/ic_launcher"
44        android:label="f2c" >
45        <activity
46            android:name="com.example.f2c.MainActivity"
47            android:configChanges="orientation|keyboardHidden|keyboard|screenSize|smallestScreenSize|locale|layoutDirection|fontScale|screenLayout|density|uiMode"
48            android:exported="true"
49            android:hardwareAccelerated="true"
50            android:launchMode="singleTop"
51            android:taskAffinity=""
52            android:theme="@style/LaunchTheme"
53            android:windowSoftInputMode="adjustResize" >
54
55            <!--
56                 Specifies an Android theme to apply to this Activity as soon as
57                 the Android process has started. This theme is visible to the user
58                 while the Flutter UI initializes. After that, this theme continues
59                 to determine the Window background behind the Flutter UI.
60            -->
61            <meta-data
62                android:name="io.flutter.embedding.android.NormalTheme"
63                android:resource="@style/NormalTheme" />
64
65            <intent-filter>
66                <action android:name="android.intent.action.MAIN" />
67
68                <category android:name="android.intent.category.LAUNCHER" />
69            </intent-filter>
70        </activity>
71        <!--
72             Don't delete the meta-data below.
73             This is used by the Flutter tool to generate GeneratedPluginRegistrant.java
74        -->
75        <meta-data
76            android:name="flutterEmbedding"
77            android:value="2" />
78
79        <service
79-->[:cloud_firestore] AndroidManifest.xml:10:9-14:19
80            android:name="com.google.firebase.components.ComponentDiscoveryService"
80-->[:cloud_firestore] AndroidManifest.xml:10:18-89
81            android:directBootAware="true"
81-->[com.google.firebase:firebase-common:20.4.2] AndroidManifest.xml:32:13-43
82            android:exported="false" >
82-->[com.google.firebase:firebase-auth:22.3.0] AndroidManifest.xml:68:13-37
83            <meta-data
83-->[:cloud_firestore] AndroidManifest.xml:11:13-13:85
84                android:name="com.google.firebase.components:io.flutter.plugins.firebase.firestore.FlutterFirebaseFirestoreRegistrar"
84-->[:cloud_firestore] AndroidManifest.xml:12:17-134
85                android:value="com.google.firebase.components.ComponentRegistrar" />
85-->[:cloud_firestore] AndroidManifest.xml:13:17-82
86            <meta-data
86-->[:firebase_auth] AndroidManifest.xml:11:13-13:85
87                android:name="com.google.firebase.components:io.flutter.plugins.firebase.auth.FlutterFirebaseAuthRegistrar"
87-->[:firebase_auth] AndroidManifest.xml:12:17-124
88                android:value="com.google.firebase.components.ComponentRegistrar" />
88-->[:firebase_auth] AndroidManifest.xml:13:17-82
89            <meta-data
89-->[:firebase_storage] AndroidManifest.xml:11:13-13:85
90                android:name="com.google.firebase.components:io.flutter.plugins.firebase.storage.FlutterFirebaseAppRegistrar"
90-->[:firebase_storage] AndroidManifest.xml:12:17-126
91                android:value="com.google.firebase.components.ComponentRegistrar" />
91-->[:firebase_storage] AndroidManifest.xml:13:17-82
92            <meta-data
92-->[:firebase_core] AndroidManifest.xml:11:13-13:85
93                android:name="com.google.firebase.components:io.flutter.plugins.firebase.core.FlutterFirebaseCoreRegistrar"
93-->[:firebase_core] AndroidManifest.xml:12:17-124
94                android:value="com.google.firebase.components.ComponentRegistrar" />
94-->[:firebase_core] AndroidManifest.xml:13:17-82
95            <meta-data
95-->[com.google.firebase:firebase-auth:22.3.0] AndroidManifest.xml:69:13-71:85
96                android:name="com.google.firebase.components:com.google.firebase.auth.FirebaseAuthRegistrar"
96-->[com.google.firebase:firebase-auth:22.3.0] AndroidManifest.xml:70:17-109
97                android:value="com.google.firebase.components.ComponentRegistrar" />
97-->[com.google.firebase:firebase-auth:22.3.0] AndroidManifest.xml:71:17-82
98            <meta-data
98-->[com.google.firebase:firebase-firestore:24.9.1] AndroidManifest.xml:17:13-19:85
99                android:name="com.google.firebase.components:com.google.firebase.firestore.FirebaseFirestoreKtxRegistrar"
99-->[com.google.firebase:firebase-firestore:24.9.1] AndroidManifest.xml:18:17-122
100                android:value="com.google.firebase.components.ComponentRegistrar" />
100-->[com.google.firebase:firebase-firestore:24.9.1] AndroidManifest.xml:19:17-82
101            <meta-data
101-->[com.google.firebase:firebase-firestore:24.9.1] AndroidManifest.xml:20:13-22:85
102                android:name="com.google.firebase.components:com.google.firebase.firestore.FirestoreRegistrar"
102-->[com.google.firebase:firebase-firestore:24.9.1] AndroidManifest.xml:21:17-111
103                android:value="com.google.firebase.components.ComponentRegistrar" />
103-->[com.google.firebase:firebase-firestore:24.9.1] AndroidManifest.xml:22:17-82
104            <meta-data
104-->[com.google.firebase:firebase-storage:20.3.0] AndroidManifest.xml:30:13-32:85
105                android:name="com.google.firebase.components:com.google.firebase.storage.FirebaseStorageKtxRegistrar"
105-->[com.google.firebase:firebase-storage:20.3.0] AndroidManifest.xml:31:17-118
106                android:value="com.google.firebase.components.ComponentRegistrar" />
106-->[com.google.firebase:firebase-storage:20.3.0] AndroidManifest.xml:32:17-82
107            <meta-data
107-->[com.google.firebase:firebase-storage:20.3.0] AndroidManifest.xml:33:13-35:85
108                android:name="com.google.firebase.components:com.google.firebase.storage.StorageRegistrar"
108-->[com.google.firebase:firebase-storage:20.3.0] AndroidManifest.xml:34:17-107
109                android:value="com.google.firebase.components.ComponentRegistrar" />
109-->[com.google.firebase:firebase-storage:20.3.0] AndroidManifest.xml:35:17-82
110            <meta-data
110-->[com.google.firebase:firebase-appcheck:17.1.1] AndroidManifest.xml:25:13-27:85
111                android:name="com.google.firebase.components:com.google.firebase.appcheck.FirebaseAppCheckKtxRegistrar"
111-->[com.google.firebase:firebase-appcheck:17.1.1] AndroidManifest.xml:26:17-120
112                android:value="com.google.firebase.components.ComponentRegistrar" />
112-->[com.google.firebase:firebase-appcheck:17.1.1] AndroidManifest.xml:27:17-82
113            <meta-data
113-->[com.google.firebase:firebase-appcheck:17.1.1] AndroidManifest.xml:28:13-30:85
114                android:name="com.google.firebase.components:com.google.firebase.appcheck.FirebaseAppCheckRegistrar"
114-->[com.google.firebase:firebase-appcheck:17.1.1] AndroidManifest.xml:29:17-117
115                android:value="com.google.firebase.components.ComponentRegistrar" />
115-->[com.google.firebase:firebase-appcheck:17.1.1] AndroidManifest.xml:30:17-82
116            <meta-data
116-->[com.google.firebase:firebase-common-ktx:20.4.2] AndroidManifest.xml:12:13-14:85
117                android:name="com.google.firebase.components:com.google.firebase.ktx.FirebaseCommonLegacyRegistrar"
117-->[com.google.firebase:firebase-common-ktx:20.4.2] AndroidManifest.xml:13:17-116
118                android:value="com.google.firebase.components.ComponentRegistrar" />
118-->[com.google.firebase:firebase-common-ktx:20.4.2] AndroidManifest.xml:14:17-82
119            <meta-data
119-->[com.google.firebase:firebase-common:20.4.2] AndroidManifest.xml:35:13-37:85
120                android:name="com.google.firebase.components:com.google.firebase.FirebaseCommonKtxRegistrar"
120-->[com.google.firebase:firebase-common:20.4.2] AndroidManifest.xml:36:17-109
121                android:value="com.google.firebase.components.ComponentRegistrar" />
121-->[com.google.firebase:firebase-common:20.4.2] AndroidManifest.xml:37:17-82
122        </service>
123
124        <provider
124-->[:image_picker_android] AndroidManifest.xml:11:9-19:20
125            android:name="io.flutter.plugins.imagepicker.ImagePickerFileProvider"
125-->[:image_picker_android] AndroidManifest.xml:12:13-82
126            android:authorities="com.example.f2c.flutter.image_provider"
126-->[:image_picker_android] AndroidManifest.xml:13:13-74
127            android:exported="false"
127-->[:image_picker_android] AndroidManifest.xml:14:13-37
128            android:grantUriPermissions="true" >
128-->[:image_picker_android] AndroidManifest.xml:15:13-47
129            <meta-data
129-->[:image_picker_android] AndroidManifest.xml:16:13-18:75
130                android:name="android.support.FILE_PROVIDER_PATHS"
130-->[:image_picker_android] AndroidManifest.xml:17:17-67
131                android:resource="@xml/flutter_image_picker_file_paths" />
131-->[:image_picker_android] AndroidManifest.xml:18:17-72
132        </provider> <!-- Trigger Google Play services to install the backported photo picker module. -->
133        <service
133-->[:image_picker_android] AndroidManifest.xml:21:9-33:19
134            android:name="com.google.android.gms.metadata.ModuleDependencies"
134-->[:image_picker_android] AndroidManifest.xml:22:13-78
135            android:enabled="false"
135-->[:image_picker_android] AndroidManifest.xml:23:13-36
136            android:exported="false" >
136-->[:image_picker_android] AndroidManifest.xml:24:13-37
137            <intent-filter>
137-->[:image_picker_android] AndroidManifest.xml:26:13-28:29
138                <action android:name="com.google.android.gms.metadata.MODULE_DEPENDENCIES" />
138-->[:image_picker_android] AndroidManifest.xml:27:17-94
138-->[:image_picker_android] AndroidManifest.xml:27:25-91
139            </intent-filter>
140
141            <meta-data
141-->[:image_picker_android] AndroidManifest.xml:30:13-32:36
142                android:name="photopicker_activity:0:required"
142-->[:image_picker_android] AndroidManifest.xml:31:17-63
143                android:value="" />
143-->[:image_picker_android] AndroidManifest.xml:32:17-33
144        </service>
145
146        <activity
146-->[com.google.firebase:firebase-auth:22.3.0] AndroidManifest.xml:29:9-46:20
147            android:name="com.google.firebase.auth.internal.GenericIdpActivity"
147-->[com.google.firebase:firebase-auth:22.3.0] AndroidManifest.xml:30:13-80
148            android:excludeFromRecents="true"
148-->[com.google.firebase:firebase-auth:22.3.0] AndroidManifest.xml:31:13-46
149            android:exported="true"
149-->[com.google.firebase:firebase-auth:22.3.0] AndroidManifest.xml:32:13-36
150            android:launchMode="singleTask"
150-->[com.google.firebase:firebase-auth:22.3.0] AndroidManifest.xml:33:13-44
151            android:theme="@android:style/Theme.Translucent.NoTitleBar" >
151-->[com.google.firebase:firebase-auth:22.3.0] AndroidManifest.xml:34:13-72
152            <intent-filter>
152-->[com.google.firebase:firebase-auth:22.3.0] AndroidManifest.xml:35:13-45:29
153                <action android:name="android.intent.action.VIEW" />
153-->[com.google.firebase:firebase-auth:22.3.0] AndroidManifest.xml:36:17-69
153-->[com.google.firebase:firebase-auth:22.3.0] AndroidManifest.xml:36:25-66
154
155                <category android:name="android.intent.category.DEFAULT" />
155-->[com.google.firebase:firebase-auth:22.3.0] AndroidManifest.xml:38:17-76
155-->[com.google.firebase:firebase-auth:22.3.0] AndroidManifest.xml:38:27-73
156                <category android:name="android.intent.category.BROWSABLE" />
156-->[com.google.firebase:firebase-auth:22.3.0] AndroidManifest.xml:39:17-78
156-->[com.google.firebase:firebase-auth:22.3.0] AndroidManifest.xml:39:27-75
157
158                <data
158-->src\main\AndroidManifest.xml:42:13-50
159                    android:host="firebase.auth"
160                    android:path="/"
161                    android:scheme="genericidp" />
162            </intent-filter>
163        </activity>
164        <activity
164-->[com.google.firebase:firebase-auth:22.3.0] AndroidManifest.xml:47:9-64:20
165            android:name="com.google.firebase.auth.internal.RecaptchaActivity"
165-->[com.google.firebase:firebase-auth:22.3.0] AndroidManifest.xml:48:13-79
166            android:excludeFromRecents="true"
166-->[com.google.firebase:firebase-auth:22.3.0] AndroidManifest.xml:49:13-46
167            android:exported="true"
167-->[com.google.firebase:firebase-auth:22.3.0] AndroidManifest.xml:50:13-36
168            android:launchMode="singleTask"
168-->[com.google.firebase:firebase-auth:22.3.0] AndroidManifest.xml:51:13-44
169            android:theme="@android:style/Theme.Translucent.NoTitleBar" >
169-->[com.google.firebase:firebase-auth:22.3.0] AndroidManifest.xml:52:13-72
170            <intent-filter>
170-->[com.google.firebase:firebase-auth:22.3.0] AndroidManifest.xml:53:13-63:29
171                <action android:name="android.intent.action.VIEW" />
171-->[com.google.firebase:firebase-auth:22.3.0] AndroidManifest.xml:36:17-69
171-->[com.google.firebase:firebase-auth:22.3.0] AndroidManifest.xml:36:25-66
172
173                <category android:name="android.intent.category.DEFAULT" />
173-->[com.google.firebase:firebase-auth:22.3.0] AndroidManifest.xml:38:17-76
173-->[com.google.firebase:firebase-auth:22.3.0] AndroidManifest.xml:38:27-73
174                <category android:name="android.intent.category.BROWSABLE" />
174-->[com.google.firebase:firebase-auth:22.3.0] AndroidManifest.xml:39:17-78
174-->[com.google.firebase:firebase-auth:22.3.0] AndroidManifest.xml:39:27-75
175
176                <data
176-->src\main\AndroidManifest.xml:42:13-50
177                    android:host="firebase.auth"
178                    android:path="/"
179                    android:scheme="recaptcha" />
180            </intent-filter>
181        </activity>
182        <activity
182-->[com.google.android.gms:play-services-auth:21.0.0] AndroidManifest.xml:23:9-27:75
183            android:name="com.google.android.gms.auth.api.signin.internal.SignInHubActivity"
183-->[com.google.android.gms:play-services-auth:21.0.0] AndroidManifest.xml:24:13-93
184            android:excludeFromRecents="true"
184-->[com.google.android.gms:play-services-auth:21.0.0] AndroidManifest.xml:25:13-46
185            android:exported="false"
185-->[com.google.android.gms:play-services-auth:21.0.0] AndroidManifest.xml:26:13-37
186            android:theme="@android:style/Theme.Translucent.NoTitleBar" />
186-->[com.google.android.gms:play-services-auth:21.0.0] AndroidManifest.xml:27:13-72
187        <!--
188            Service handling Google Sign-In user revocation. For apps that do not integrate with
189            Google Sign-In, this service will never be started.
190        -->
191        <service
191-->[com.google.android.gms:play-services-auth:21.0.0] AndroidManifest.xml:33:9-37:51
192            android:name="com.google.android.gms.auth.api.signin.RevocationBoundService"
192-->[com.google.android.gms:play-services-auth:21.0.0] AndroidManifest.xml:34:13-89
193            android:exported="true"
193-->[com.google.android.gms:play-services-auth:21.0.0] AndroidManifest.xml:35:13-36
194            android:permission="com.google.android.gms.auth.api.signin.permission.REVOCATION_NOTIFICATION"
194-->[com.google.android.gms:play-services-auth:21.0.0] AndroidManifest.xml:36:13-107
195            android:visibleToInstantApps="true" />
195-->[com.google.android.gms:play-services-auth:21.0.0] AndroidManifest.xml:37:13-48
196
197        <activity
197-->[com.google.android.gms:play-services-base:18.0.1] AndroidManifest.xml:20:9-22:45
198            android:name="com.google.android.gms.common.api.GoogleApiActivity"
198-->[com.google.android.gms:play-services-base:18.0.1] AndroidManifest.xml:20:19-85
199            android:exported="false"
199-->[com.google.android.gms:play-services-base:18.0.1] AndroidManifest.xml:22:19-43
200            android:theme="@android:style/Theme.Translucent.NoTitleBar" />
200-->[com.google.android.gms:play-services-base:18.0.1] AndroidManifest.xml:21:19-78
201
202        <provider
202-->[com.google.firebase:firebase-common:20.4.2] AndroidManifest.xml:23:9-28:39
203            android:name="com.google.firebase.provider.FirebaseInitProvider"
203-->[com.google.firebase:firebase-common:20.4.2] AndroidManifest.xml:24:13-77
204            android:authorities="com.example.f2c.firebaseinitprovider"
204-->[com.google.firebase:firebase-common:20.4.2] AndroidManifest.xml:25:13-72
205            android:directBootAware="true"
205-->[com.google.firebase:firebase-common:20.4.2] AndroidManifest.xml:26:13-43
206            android:exported="false"
206-->[com.google.firebase:firebase-common:20.4.2] AndroidManifest.xml:27:13-37
207            android:initOrder="100" />
207-->[com.google.firebase:firebase-common:20.4.2] AndroidManifest.xml:28:13-36
208
209        <uses-library
209-->[androidx.window:window:1.2.0] AndroidManifest.xml:23:9-25:40
210            android:name="androidx.window.extensions"
210-->[androidx.window:window:1.2.0] AndroidManifest.xml:24:13-54
211            android:required="false" />
211-->[androidx.window:window:1.2.0] AndroidManifest.xml:25:13-37
212        <uses-library
212-->[androidx.window:window:1.2.0] AndroidManifest.xml:26:9-28:40
213            android:name="androidx.window.sidecar"
213-->[androidx.window:window:1.2.0] AndroidManifest.xml:27:13-51
214            android:required="false" />
214-->[androidx.window:window:1.2.0] AndroidManifest.xml:28:13-37
215
216        <meta-data
216-->[com.google.android.gms:play-services-basement:18.2.0] AndroidManifest.xml:21:9-23:69
217            android:name="com.google.android.gms.version"
217-->[com.google.android.gms:play-services-basement:18.2.0] AndroidManifest.xml:22:13-58
218            android:value="@integer/google_play_services_version" />
218-->[com.google.android.gms:play-services-basement:18.2.0] AndroidManifest.xml:23:13-66
219
220        <provider
220-->[androidx.lifecycle:lifecycle-process:2.7.0] AndroidManifest.xml:24:9-32:20
221            android:name="androidx.startup.InitializationProvider"
221-->[androidx.lifecycle:lifecycle-process:2.7.0] AndroidManifest.xml:25:13-67
222            android:authorities="com.example.f2c.androidx-startup"
222-->[androidx.lifecycle:lifecycle-process:2.7.0] AndroidManifest.xml:26:13-68
223            android:exported="false" >
223-->[androidx.lifecycle:lifecycle-process:2.7.0] AndroidManifest.xml:27:13-37
224            <meta-data
224-->[androidx.lifecycle:lifecycle-process:2.7.0] AndroidManifest.xml:29:13-31:52
225                android:name="androidx.lifecycle.ProcessLifecycleInitializer"
225-->[androidx.lifecycle:lifecycle-process:2.7.0] AndroidManifest.xml:30:17-78
226                android:value="androidx.startup" />
226-->[androidx.lifecycle:lifecycle-process:2.7.0] AndroidManifest.xml:31:17-49
227            <meta-data
227-->[androidx.profileinstaller:profileinstaller:1.3.1] AndroidManifest.xml:29:13-31:52
228                android:name="androidx.profileinstaller.ProfileInstallerInitializer"
228-->[androidx.profileinstaller:profileinstaller:1.3.1] AndroidManifest.xml:30:17-85
229                android:value="androidx.startup" />
229-->[androidx.profileinstaller:profileinstaller:1.3.1] AndroidManifest.xml:31:17-49
230        </provider>
231
232        <receiver
232-->[androidx.profileinstaller:profileinstaller:1.3.1] AndroidManifest.xml:34:9-52:20
233            android:name="androidx.profileinstaller.ProfileInstallReceiver"
233-->[androidx.profileinstaller:profileinstaller:1.3.1] AndroidManifest.xml:35:13-76
234            android:directBootAware="false"
234-->[androidx.profileinstaller:profileinstaller:1.3.1] AndroidManifest.xml:36:13-44
235            android:enabled="true"
235-->[androidx.profileinstaller:profileinstaller:1.3.1] AndroidManifest.xml:37:13-35
236            android:exported="true"
236-->[androidx.profileinstaller:profileinstaller:1.3.1] AndroidManifest.xml:38:13-36
237            android:permission="android.permission.DUMP" >
237-->[androidx.profileinstaller:profileinstaller:1.3.1] AndroidManifest.xml:39:13-57
238            <intent-filter>
238-->[androidx.profileinstaller:profileinstaller:1.3.1] AndroidManifest.xml:40:13-42:29
239                <action android:name="androidx.profileinstaller.action.INSTALL_PROFILE" />
239-->[androidx.profileinstaller:profileinstaller:1.3.1] AndroidManifest.xml:41:17-91
239-->[androidx.profileinstaller:profileinstaller:1.3.1] AndroidManifest.xml:41:25-88
240            </intent-filter>
241            <intent-filter>
241-->[androidx.profileinstaller:profileinstaller:1.3.1] AndroidManifest.xml:43:13-45:29
242                <action android:name="androidx.profileinstaller.action.SKIP_FILE" />
242-->[androidx.profileinstaller:profileinstaller:1.3.1] AndroidManifest.xml:44:17-85
242-->[androidx.profileinstaller:profileinstaller:1.3.1] AndroidManifest.xml:44:25-82
243            </intent-filter>
244            <intent-filter>
244-->[androidx.profileinstaller:profileinstaller:1.3.1] AndroidManifest.xml:46:13-48:29
245                <action android:name="androidx.profileinstaller.action.SAVE_PROFILE" />
245-->[androidx.profileinstaller:profileinstaller:1.3.1] AndroidManifest.xml:47:17-88
245-->[androidx.profileinstaller:profileinstaller:1.3.1] AndroidManifest.xml:47:25-85
246            </intent-filter>
247            <intent-filter>
247-->[androidx.profileinstaller:profileinstaller:1.3.1] AndroidManifest.xml:49:13-51:29
248                <action android:name="androidx.profileinstaller.action.BENCHMARK_OPERATION" />
248-->[androidx.profileinstaller:profileinstaller:1.3.1] AndroidManifest.xml:50:17-95
248-->[androidx.profileinstaller:profileinstaller:1.3.1] AndroidManifest.xml:50:25-92
249            </intent-filter>
250        </receiver>
251    </application>
252
253</manifest>